 * Running on http://192.168.241.1:80/ (Press CTRL+C to quit)
RobcomWebService Iniciado.

Iniciando Robcom...
Configurando GPIO...
  OK
  Ligando serviço de comunicação bluetooth com Robcom...
   -OK
  Ligando serviço de tratamento de drinks...
   -OK
  Ligando Flask Web Service...
TEVE EXCECAO: [Errno 2] could not open port /dev/rfcomm0: [Errno 2] No such file or directory: '/dev/rfcomm0'
Erro na conexao bluetooth, reconectando...
TEVE EXCECAO: [Errno 2] could not open port /dev/rfcomm0: [Errno 2] No such file or directory: '/dev/rfcomm0'
Erro na conexao bluetooth, reconectando...
TEVE EXCECAO: [Errno 2] could not open port /dev/rfcomm0: [Errno 2] No such file or directory: '/dev/rfcomm0'
Erro na conexao bluetooth, reconectando...
TEVE EXCECAO: [Errno 2] could not open port /dev/rfcomm0: [Errno 2] No such file or directory: '/dev/rfcomm0'
Erro na conexao bluetooth, reconectando...
TEVE EXCECAO: [Errno 2] could not open port /dev/rfcomm0: [Errno 2] No such file or directory: '/dev/rfcomm0'
Erro na conexao bluetooth, reconectando...
TEVE EXCECAO: [Errno 2] could not open port /dev/rfcomm0: [Errno 2] No such file or directory: '/dev/rfcomm0'
Erro na conexao bluetooth, reconectando...
TEVE EXCECAO: [Errno 2] could not open port /dev/rfcomm0: [Errno 2] No such file or directory: '/dev/rfcomm0'
Erro na conexao bluetooth, reconectando...
TEVE EXCECAO: [Errno 2] could not open port /dev/rfcomm0: [Errno 2] No such file or directory: '/dev/rfcomm0'
Erro na conexao bluetooth, reconectando...
TEVE EXCECAO: [Errno 2] could not open port /dev/rfcomm0: [Errno 2] No such file or directory: '/dev/rfcomm0'
Erro na conexao bluetooth, reconectando...
TEVE EXCECAO: [Errno 2] could not open port /dev/rfcomm0: [Errno 2] No such file or directory: '/dev/rfcomm0'
Erro na conexao bluetooth, reconectando...
TEVE EXCECAO: [Errno 2] could not open port /dev/rfcomm0: [Errno 2] No such file or directory: '/dev/rfcomm0'
Erro na conexao bluetooth, reconectando...
TEVE EXCECAO: [Errno 2] could not open port /dev/rfcomm0: [Errno 2] No such file or directory: '/dev/rfcomm0'
Erro na conexao bluetooth, reconectando...
TEVE EXCECAO: [Errno 2] could not open port /dev/rfcomm0: [Errno 2] No such file or directory: '/dev/rfcomm0'
Erro na conexao bluetooth, reconectando...
TEVE EXCECAO: [Errno 2] could not open port /dev/rfcomm0: [Errno 2] No such file or directory: '/dev/rfcomm0'
Erro na conexao bluetooth, reconectando...
TEVE EXCECAO: [Errno 2] could not open port /dev/rfcomm0: [Errno 2] No such file or directory: '/dev/rfcomm0'
Erro na conexao bluetooth, reconectando...
TEVE EXCECAO: [Errno 2] could not open port /dev/rfcomm0: [Errno 2] No such file or directory: '/dev/rfcomm0'
Erro na conexao bluetooth, reconectando...
TEVE EXCECAO: [Errno 2] could not open port /dev/rfcomm0: [Errno 2] No such file or directory: '/dev/rfcomm0'
Erro na conexao bluetooth, reconectando...
TEVE EXCECAO: [Errno 2] could not open port /dev/rfcomm0: [Errno 2] No such file or directory: '/dev/rfcomm0'
Erro na conexao bluetooth, reconectando...
TEVE EXCECAO: [Errno 2] could not open port /dev/rfcomm0: [Errno 2] No such file or directory: '/dev/rfcomm0'
Erro na conexao bluetooth, reconectando...
TEVE EXCECAO: [Errno 2] could not open port /dev/rfcomm0: [Errno 2] No such file or directory: '/dev/rfcomm0'
Erro na conexao bluetooth, reconectando...
TEVE EXCECAO: [Errno 2] could not open port /dev/rfcomm0: [Errno 2] No such file or directory: '/dev/rfcomm0'
Erro na conexao bluetooth, reconectando...
TEVE EXCECAO: [Errno 2] could not open port /dev/rfcomm0: [Errno 2] No such file or directory: '/dev/rfcomm0'
Erro na conexao bluetooth, reconectando...
TEVE EXCECAO: [Errno 2] could not open port /dev/rfcomm0: [Errno 2] No such file or directory: '/dev/rfcomm0'
Erro na conexao bluetooth, reconectando...
TEVE EXCECAO: [Errno 2] could not open port /dev/rfcomm0: [Errno 2] No such file or directory: '/dev/rfcomm0'
Erro na conexao bluetooth, reconectando...
TEVE EXCECAO: [Errno 2] could not open port /dev/rfcomm0: [Errno 2] No such file or directory: '/dev/rfcomm0'
Erro na conexao bluetooth, reconectando...
TEVE EXCECAO: [Errno 2] could not open port /dev/rfcomm0: [Errno 2] No such file or directory: '/dev/rfcomm0'
Erro na conexao bluetooth, reconectando...
TEVE EXCECAO: [Errno 2] could not open port /dev/rfcomm0: [Errno 2] No such file or directory: '/dev/rfcomm0'
Erro na conexao bluetooth, reconectando...
TEVE EXCECAO: [Errno 2] could not open port /dev/rfcomm0: [Errno 2] No such file or directory: '/dev/rfcomm0'
Erro na conexao bluetooth, reconectando...
TEVE EXCECAO: [Errno 2] could not open port /dev/rfcomm0: [Errno 2] No such file or directory: '/dev/rfcomm0'
Erro na conexao bluetooth, reconectando...
TEVE EXCECAO: [Errno 2] could not open port /dev/rfcomm0: [Errno 2] No such file or directory: '/dev/rfcomm0'
Erro na conexao bluetooth, reconectando...
TEVE EXCECAO: [Errno 2] could not open port /dev/rfcomm0: [Errno 2] No such file or directory: '/dev/rfcomm0'
Erro na conexao bluetooth, reconectando...
TEVE EXCECAO: [Errno 2] could not open port /dev/rfcomm0: [Errno 2] No such file or directory: '/dev/rfcomm0'
Erro na conexao bluetooth, reconectando...
TEVE EXCECAO: [Errno 2] could not open port /dev/rfcomm0: [Errno 2] No such file or directory: '/dev/rfcomm0'
Erro na conexao bluetooth, reconectando...
TEVE EXCECAO: [Errno 2] could not open port /dev/rfcomm0: [Errno 2] No such file or directory: '/dev/rfcomm0'
Erro na conexao bluetooth, reconectando...
TEVE EXCECAO: [Errno 2] could not open port /dev/rfcomm0: [Errno 2] No such file or directory: '/dev/rfcomm0'
Erro na conexao bluetooth, reconectando...
TEVE EXCECAO: [Errno 2] could not open port /dev/rfcomm0: [Errno 2] No such file or directory: '/dev/rfcomm0'
Erro na conexao bluetooth, reconectando...
TEVE EXCECAO: [Errno 2] could not open port /dev/rfcomm0: [Errno 2] No such file or directory: '/dev/rfcomm0'
Erro na conexao bluetooth, reconectando...
TEVE EXCECAO: [Errno 2] could not open port /dev/rfcomm0: [Errno 2] No such file or directory: '/dev/rfcomm0'
Erro na conexao bluetooth, reconectando...
TEVE EXCECAO: [Errno 2] could not open port /dev/rfcomm0: [Errno 2] No such file or directory: '/dev/rfcomm0'
Erro na conexao bluetooth, reconectando...
TEVE EXCECAO: [Errno 2] could not open port /dev/rfcomm0: [Errno 2] No such file or directory: '/dev/rfcomm0'
Erro na conexao bluetooth, reconectando...
TEVE EXCECAO: [Errno 2] could not open port /dev/rfcomm0: [Errno 2] No such file or directory: '/dev/rfcomm0'
Erro na conexao bluetooth, reconectando...
TEVE EXCECAO: [Errno 2] could not open port /dev/rfcomm0: [Errno 2] No such file or directory: '/dev/rfcomm0'
Erro na conexao bluetooth, reconectando...
TEVE EXCECAO: [Errno 2] could not open port /dev/rfcomm0: [Errno 2] No such file or directory: '/dev/rfcomm0'
Erro na conexao bluetooth, reconectando...
TEVE EXCECAO: [Errno 2] could not open port /dev/rfcomm0: [Errno 2] No such file or directory: '/dev/rfcomm0'
Erro na conexao bluetooth, reconectando...
TEVE EXCECAO: [Errno 2] could not open port /dev/rfcomm0: [Errno 2] No such file or directory: '/dev/rfcomm0'
Erro na conexao bluetooth, reconectando...
TEVE EXCECAO: [Errno 2] could not open port /dev/rfcomm0: [Errno 2] No such file or directory: '/dev/rfcomm0'
Erro na conexao bluetooth, reconectando...
TEVE EXCECAO: [Errno 2] could not open port /dev/rfcomm0: [Errno 2] No such file or directory: '/dev/rfcomm0'
Erro na conexao bluetooth, reconectando...
TEVE EXCECAO: [Errno 2] could not open port /dev/rfcomm0: [Errno 2] No such file or directory: '/dev/rfcomm0'
Erro na conexao bluetooth, reconectando...
TEVE EXCECAO: [Errno 2] could not open port /dev/rfcomm0: [Errno 2] No such file or directory: '/dev/rfcomm0'
Erro na conexao bluetooth, reconectando...
TEVE EXCECAO: [Errno 2] could not open port /dev/rfcomm0: [Errno 2] No such file or directory: '/dev/rfcomm0'
Erro na conexao bluetooth, reconectando...
TEVE EXCECAO: [Errno 2] could not open port /dev/rfcomm0: [Errno 2] No such file or directory: '/dev/rfcomm0'
Erro na conexao bluetooth, reconectando...
TEVE EXCECAO: [Errno 2] could not open port /dev/rfcomm0: [Errno 2] No such file or directory: '/dev/rfcomm0'
Erro na conexao bluetooth, reconectando...
TEVE EXCECAO: [Errno 2] could not open port /dev/rfcomm0: [Errno 2] No such file or directory: '/dev/rfcomm0'
Erro na conexao bluetooth, reconectando...
TEVE EXCECAO: [Errno 2] could not open port /dev/rfcomm0: [Errno 2] No such file or directory: '/dev/rfcomm0'
Erro na conexao bluetooth, reconectando...
TEVE EXCECAO: [Errno 2] could not open port /dev/rfcomm0: [Errno 2] No such file or directory: '/dev/rfcomm0'
Erro na conexao bluetooth, reconectando...
TEVE EXCECAO: [Errno 2] could not open port /dev/rfcomm0: [Errno 2] No such file or directory: '/dev/rfcomm0'
Erro na conexao bluetooth, reconectando...
TEVE EXCECAO: [Errno 2] could not open port /dev/rfcomm0: [Errno 2] No such file or directory: '/dev/rfcomm0'
Erro na conexao bluetooth, reconectando...
TEVE EXCECAO: [Errno 2] could not open port /dev/rfcomm0: [Errno 2] No such file or directory: '/dev/rfcomm0'
Erro na conexao bluetooth, reconectando...
TEVE EXCECAO: [Errno 2] could not open port /dev/rfcomm0: [Errno 2] No such file or directory: '/dev/rfcomm0'
Erro na conexao bluetooth, reconectando...
TEVE EXCECAO: [Errno 2] could not open port /dev/rfcomm0: [Errno 2] No such file or directory: '/dev/rfcomm0'
Erro na conexao bluetooth, reconectando...
TEVE EXCECAO: [Errno 2] could not open port /dev/rfcomm0: [Errno 2] No such file or directory: '/dev/rfcomm0'
Erro na conexao bluetooth, reconectando...
TEVE EXCECAO: [Errno 2] could not open port /dev/rfcomm0: [Errno 2] No such file or directory: '/dev/rfcomm0'
Erro na conexao bluetooth, reconectando...
TEVE EXCECAO: [Errno 2] could not open port /dev/rfcomm0: [Errno 2] No such file or directory: '/dev/rfcomm0'
Erro na conexao bluetooth, reconectando...
TEVE EXCECAO: [Errno 2] could not open port /dev/rfcomm0: [Errno 2] No such file or directory: '/dev/rfcomm0'
Erro na conexao bluetooth, reconectando...
TEVE EXCECAO: [Errno 2] could not open port /dev/rfcomm0: [Errno 2] No such file or directory: '/dev/rfcomm0'
Erro na conexao bluetooth, reconectando...
TEVE EXCECAO: [Errno 2] could not open port /dev/rfcomm0: [Errno 2] No such file or directory: '/dev/rfcomm0'
Erro na conexao bluetooth, reconectando...
TEVE EXCECAO: [Errno 2] could not open port /dev/rfcomm0: [Errno 2] No such file or directory: '/dev/rfcomm0'
Erro na conexao bluetooth, reconectando...
TEVE EXCECAO: [Errno 2] could not open port /dev/rfcomm0: [Errno 2] No such file or directory: '/dev/rfcomm0'
Erro na conexao bluetooth, reconectando...
TEVE EXCECAO: [Errno 2] could not open port /dev/rfcomm0: [Errno 2] No such file or directory: '/dev/rfcomm0'
Erro na conexao bluetooth, reconectando...
TEVE EXCECAO: [Errno 2] could not open port /dev/rfcomm0: [Errno 2] No such file or directory: '/dev/rfcomm0'
Erro na conexao bluetooth, reconectando...
TEVE EXCECAO: [Errno 2] could not open port /dev/rfcomm0: [Errno 2] No such file or directory: '/dev/rfcomm0'
Erro na conexao bluetooth, reconectando...
TEVE EXCECAO: [Errno 2] could not open port /dev/rfcomm0: [Errno 2] No such file or directory: '/dev/rfcomm0'
Erro na conexao bluetooth, reconectando...
TEVE EXCECAO: [Errno 2] could not open port /dev/rfcomm0: [Errno 2] No such file or directory: '/dev/rfcomm0'
Erro na conexao bluetooth, reconectando...
TEVE EXCECAO: [Errno 2] could not open port /dev/rfcomm0: [Errno 2] No such file or directory: '/dev/rfcomm0'
Erro na conexao bluetooth, reconectando...
TEVE EXCECAO: [Errno 2] could not open port /dev/rfcomm0: [Errno 2] No such file or directory: '/dev/rfcomm0'
Erro na conexao bluetooth, reconectando...
TEVE EXCECAO: [Errno 2] could not open port /dev/rfcomm0: [Errno 2] No such file or directory: '/dev/rfcomm0'
Erro na conexao bluetooth, reconectando...
TEVE EXCECAO: [Errno 2] could not open port /dev/rfcomm0: [Errno 2] No such file or directory: '/dev/rfcomm0'
Erro na conexao bluetooth, reconectando...
TEVE EXCECAO: [Errno 2] could not open port /dev/rfcomm0: [Errno 2] No such file or directory: '/dev/rfcomm0'
Erro na conexao bluetooth, reconectando...
TEVE EXCECAO: [Errno 2] could not open port /dev/rfcomm0: [Errno 2] No such file or directory: '/dev/rfcomm0'
Erro na conexao bluetooth, reconectando...
TEVE EXCECAO: [Errno 2] could not open port /dev/rfcomm0: [Errno 2] No such file or directory: '/dev/rfcomm0'
Erro na conexao bluetooth, reconectando...
TEVE EXCECAO: [Errno 2] could not open port /dev/rfcomm0: [Errno 2] No such file or directory: '/dev/rfcomm0'
Erro na conexao bluetooth, reconectando...
TEVE EXCECAO: [Errno 2] could not open port /dev/rfcomm0: [Errno 2] No such file or directory: '/dev/rfcomm0'
Erro na conexao bluetooth, reconectando...
TEVE EXCECAO: [Errno 2] could not open port /dev/rfcomm0: [Errno 2] No such file or directory: '/dev/rfcomm0'
Erro na conexao bluetooth, reconectando...
TEVE EXCECAO: [Errno 2] could not open port /dev/rfcomm0: [Errno 2] No such file or directory: '/dev/rfcomm0'
Erro na conexao bluetooth, reconectando...
TEVE EXCECAO: [Errno 2] could not open port /dev/rfcomm0: [Errno 2] No such file or directory: '/dev/rfcomm0'
Erro na conexao bluetooth, reconectando...
TEVE EXCECAO: [Errno 2] could not open port /dev/rfcomm0: [Errno 2] No such file or directory: '/dev/rfcomm0'
Erro na conexao bluetooth, reconectando...
TEVE EXCECAO: [Errno 2] could not open port /dev/rfcomm0: [Errno 2] No such file or directory: '/dev/rfcomm0'
Erro na conexao bluetooth, reconectando...
TEVE EXCECAO: [Errno 2] could not open port /dev/rfcomm0: [Errno 2] No such file or directory: '/dev/rfcomm0'
Erro na conexao bluetooth, reconectando...
TEVE EXCECAO: [Errno 2] could not open port /dev/rfcomm0: [Errno 2] No such file or directory: '/dev/rfcomm0'
Erro na conexao bluetooth, reconectando...
TEVE EXCECAO: [Errno 2] could not open port /dev/rfcomm0: [Errno 2] No such file or directory: '/dev/rfcomm0'
Erro na conexao bluetooth, reconectando...
TEVE EXCECAO: [Errno 2] could not open port /dev/rfcomm0: [Errno 2] No such file or directory: '/dev/rfcomm0'
Erro na conexao bluetooth, reconectando...
TEVE EXCECAO: [Errno 2] could not open port /dev/rfcomm0: [Errno 2] No such file or directory: '/dev/rfcomm0'
Erro na conexao bluetooth, reconectando...
TEVE EXCECAO: [Errno 2] could not open port /dev/rfcomm0: [Errno 2] No such file or directory: '/dev/rfcomm0'
Erro na conexao bluetooth, reconectando...
TEVE EXCECAO: [Errno 2] could not open port /dev/rfcomm0: [Errno 2] No such file or directory: '/dev/rfcomm0'
Erro na conexao bluetooth, reconectando...
TEVE EXCECAO: [Errno 2] could not open port /dev/rfcomm0: [Errno 2] No such file or directory: '/dev/rfcomm0'
Erro na conexao bluetooth, reconectando...
TEVE EXCECAO: [Errno 2] could not open port /dev/rfcomm0: [Errno 2] No such file or directory: '/dev/rfcomm0'
Erro na conexao bluetooth, reconectando...
TEVE EXCECAO: [Errno 2] could not open port /dev/rfcomm0: [Errno 2] No such file or directory: '/dev/rfcomm0'
Erro na conexao bluetooth, reconectando...
TEVE EXCECAO: [Errno 2] could not open port /dev/rfcomm0: [Errno 2] No such file or directory: '/dev/rfcomm0'
Erro na conexao bluetooth, reconectando...
TEVE EXCECAO: [Errno 2] could not open port /dev/rfcomm0: [Errno 2] No such file or directory: '/dev/rfcomm0'
Erro na conexao bluetooth, reconectando...
TEVE EXCECAO: [Errno 2] could not open port /dev/rfcomm0: [Errno 2] No such file or directory: '/dev/rfcomm0'
Erro na conexao bluetooth, reconectando...
TEVE EXCECAO: [Errno 2] could not open port /dev/rfcomm0: [Errno 2] No such file or directory: '/dev/rfcomm0'
Erro na conexao bluetooth, reconectando...
TEVE EXCECAO: [Errno 2] could not open port /dev/rfcomm0: [Errno 2] No such file or directory: '/dev/rfcomm0'
Erro na conexao bluetooth, reconectando...
TEVE EXCECAO: [Errno 2] could not open port /dev/rfcomm0: [Errno 2] No such file or directory: '/dev/rfcomm0'
Erro na conexao bluetooth, reconectando...
TEVE EXCECAO: [Errno 2] could not open port /dev/rfcomm0: [Errno 2] No such file or directory: '/dev/rfcomm0'
Erro na conexao bluetooth, reconectando...
TEVE EXCECAO: [Errno 2] could not open port /dev/rfcomm0: [Errno 2] No such file or directory: '/dev/rfcomm0'
Erro na conexao bluetooth, reconectando...
TEVE EXCECAO: [Errno 2] could not open port /dev/rfcomm0: [Errno 2] No such file or directory: '/dev/rfcomm0'
Erro na conexao bluetooth, reconectando...
TEVE EXCECAO: [Errno 2] could not open port /dev/rfcomm0: [Errno 2] No such file or directory: '/dev/rfcomm0'